[debug] [2023-01-23T01:01:21.633Z] ----------------------------------------------------------------------
[debug] [2023-01-23T01:01:21.635Z] Command:       /usr/local/bin/node /usr/local/bin/firebase init
[debug] [2023-01-23T01:01:21.635Z] CLI Version:   11.21.0
[debug] [2023-01-23T01:01:21.635Z] Platform:      darwin
[debug] [2023-01-23T01:01:21.635Z] Node Version:  v18.11.0
[debug] [2023-01-23T01:01:21.636Z] Time:          Sun Jan 22 2023 17:01:21 GMT-0800 (Pacific Standard Time)
[debug] [2023-01-23T01:01:21.636Z] ----------------------------------------------------------------------
[debug] 
[debug] [2023-01-23T01:01:21.639Z] >>> [apiv2][query] GET https://firebase-public.firebaseio.com/cli.json [none]
[debug] [2023-01-23T01:01:21.739Z] > command requires scopes: ["email","openid","https://www.googleapis.com/auth/cloudplatformprojects.readonly","https://www.googleapis.com/auth/firebase","https://www.googleapis.com/auth/cloud-platform"]
[debug] [2023-01-23T01:01:21.739Z] > authorizing via signed-in user (cstocker0212@gmail.com)
[info] 
     ######## #### ########  ######## ########     ###     ######  ########
     ##        ##  ##     ## ##       ##     ##  ##   ##  ##       ##
     ######    ##  ########  ######   ########  #########  ######  ######
     ##        ##  ##    ##  ##       ##     ## ##     ##       ## ##
     ##       #### ##     ## ######## ########  ##     ##  ######  ########

You're about to initialize a Firebase project in this directory:

  /Users/caseystocker/Documents/GA/capstone/art_generator/artgen

Before we get started, keep in mind:

  * You are initializing within an existing Firebase project directory

[debug] [2023-01-23T01:01:21.896Z] <<< [apiv2][status] GET https://firebase-public.firebaseio.com/cli.json 200
[debug] [2023-01-23T01:01:21.897Z] <<< [apiv2][body] GET https://firebase-public.firebaseio.com/cli.json {"cloudBuildErrorAfter":1594252800000,"cloudBuildWarnAfter":1590019200000,"defaultNode10After":1594252800000,"minVersion":"3.0.5","node8DeploysDisabledAfter":1613390400000,"node8RuntimeDisabledAfter":1615809600000,"node8WarnAfter":1600128000000}
[info] 
=== Project Setup
[info] 
[info] First, let's associate this project directory with a Firebase project.
[info] You can create multiple project aliases by running firebase use --add, 
[info] but for now we'll just set up a default project.
[info] 
[debug] [2023-01-23T01:01:28.546Z] Using project from CLI flag: artgen-0
[debug] [2023-01-23T01:01:28.547Z] > refreshing access token with scopes: []
[debug] [2023-01-23T01:01:28.547Z] >>> [apiv2][query] POST https://www.googleapis.com/oauth2/v3/token [none]
[debug] [2023-01-23T01:01:28.548Z] >>> [apiv2][body] POST https://www.googleapis.com/oauth2/v3/token [omitted]
[debug] [2023-01-23T01:01:28.812Z] <<< [apiv2][status] POST https://www.googleapis.com/oauth2/v3/token 200
[debug] [2023-01-23T01:01:28.812Z] <<< [apiv2][body] POST https://www.googleapis.com/oauth2/v3/token [omitted]
[debug] [2023-01-23T01:01:28.861Z] >>> [apiv2][query] GET https://firebase.googleapis.com/v1beta1/projects/artgen-0 [none]
[debug] [2023-01-23T01:01:29.292Z] <<< [apiv2][status] GET https://firebase.googleapis.com/v1beta1/projects/artgen-0 200
[debug] [2023-01-23T01:01:29.292Z] <<< [apiv2][body] GET https://firebase.googleapis.com/v1beta1/projects/artgen-0 {"projectId":"artgen-0","projectNumber":"548342198751","displayName":"artgen","name":"projects/artgen-0","resources":{"hostingSite":"artgen-0","storageBucket":"artgen-0.appspot.com","locationId":"us-central"},"state":"ACTIVE","etag":"1_b3fb62b3-d570-4864-ae1b-dd4937d90a28"}
[info] i  Using project artgen-0 (artgen) 
[info] 
=== Hosting Setup
[info] 
[info] Your public directory is the folder (relative to your project directory) that
[info] will contain Hosting assets to be uploaded with firebase deploy. If you
[info] have a build process for your assets, use your build's output directory.
[info] 
